<?xml version="1.0" encoding="UTF-8"?>
<!-- Generated by org.testng.reporters.JUnitReportReporter -->
<testsuite hostname="Agams-MacBook-Pro.local" failures="0" tests="1" name="Keanu.iOS_Automation.SignInUiTest" time="16.918" errors="0" timestamp="20 Oct 2019 17:44:49 GMT">
  <testcase classname="Keanu.iOS_Automation.SignInUiTest" name="SignInUi" time="16.918"/>
</testsuite> <!-- Keanu.iOS_Automation.SignInUiTest -->
